0 info it worked if it ends with ok
1 verbose cli [ '/usr/local/bin/node', '/usr/local/bin/npm', 'publish' ]
2 info using npm@1.4.3
3 info using node@v0.10.26
4 verbose publish [ '.' ]
5 verbose cache add [ '.', null ]
6 verbose cache add name=undefined spec="." args=[".",null]
7 verbose parsed url { protocol: null,
7 verbose parsed url   slashes: null,
7 verbose parsed url   auth: null,
7 verbose parsed url   host: null,
7 verbose parsed url   port: null,
7 verbose parsed url   hostname: null,
7 verbose parsed url   hash: null,
7 verbose parsed url   search: null,
7 verbose parsed url   query: null,
7 verbose parsed url   pathname: '.',
7 verbose parsed url   path: '.',
7 verbose parsed url   href: '.' }
8 silly lockFile 3a52ce78- .
9 verbose lock . /Users/david/.npm/3a52ce78-.lock
10 verbose tar pack [ '/var/folders/40/hp4zmr0s20db316q78y0nr0w0000gn/T/npm-32874-bGrjkS6k/1421325597847-0.31298305187374353/tmp.tgz',
10 verbose tar pack   '.' ]
11 verbose tarball /var/folders/40/hp4zmr0s20db316q78y0nr0w0000gn/T/npm-32874-bGrjkS6k/1421325597847-0.31298305187374353/tmp.tgz
12 verbose folder .
13 info prepublish ainojs-build@1.0.5
14 silly lockFile 1f1177db-tar tar://.
15 verbose lock tar://. /Users/david/.npm/1f1177db-tar.lock
16 silly lockFile c1e16dde-7847-0-31298305187374353-tmp-tgz tar:///var/folders/40/hp4zmr0s20db316q78y0nr0w0000gn/T/npm-32874-bGrjkS6k/1421325597847-0.31298305187374353/tmp.tgz
17 verbose lock tar:///var/folders/40/hp4zmr0s20db316q78y0nr0w0000gn/T/npm-32874-bGrjkS6k/1421325597847-0.31298305187374353/tmp.tgz /Users/david/.npm/c1e16dde-7847-0-31298305187374353-tmp-tgz.lock
18 silly lockFile 1f1177db-tar tar://.
19 silly lockFile 1f1177db-tar tar://.
20 silly lockFile c1e16dde-7847-0-31298305187374353-tmp-tgz tar:///var/folders/40/hp4zmr0s20db316q78y0nr0w0000gn/T/npm-32874-bGrjkS6k/1421325597847-0.31298305187374353/tmp.tgz
21 silly lockFile c1e16dde-7847-0-31298305187374353-tmp-tgz tar:///var/folders/40/hp4zmr0s20db316q78y0nr0w0000gn/T/npm-32874-bGrjkS6k/1421325597847-0.31298305187374353/tmp.tgz
22 verbose tar unpack /var/folders/40/hp4zmr0s20db316q78y0nr0w0000gn/T/npm-32874-bGrjkS6k/1421325597847-0.31298305187374353/tmp.tgz
23 silly lockFile 98c46ee1-7847-0-31298305187374353-package tar:///var/folders/40/hp4zmr0s20db316q78y0nr0w0000gn/T/npm-32874-bGrjkS6k/1421325597847-0.31298305187374353/package
24 verbose lock tar:///var/folders/40/hp4zmr0s20db316q78y0nr0w0000gn/T/npm-32874-bGrjkS6k/1421325597847-0.31298305187374353/package /Users/david/.npm/98c46ee1-7847-0-31298305187374353-package.lock
25 silly lockFile c1e16dde-7847-0-31298305187374353-tmp-tgz tar:///var/folders/40/hp4zmr0s20db316q78y0nr0w0000gn/T/npm-32874-bGrjkS6k/1421325597847-0.31298305187374353/tmp.tgz
26 verbose lock tar:///var/folders/40/hp4zmr0s20db316q78y0nr0w0000gn/T/npm-32874-bGrjkS6k/1421325597847-0.31298305187374353/tmp.tgz /Users/david/.npm/c1e16dde-7847-0-31298305187374353-tmp-tgz.lock
27 silly gunzTarPerm modes [ '755', '644' ]
28 silly gunzTarPerm extractEntry package.json
29 silly gunzTarPerm extractEntry .npmignore
30 silly gunzTarPerm extractEntry gulpfile.js
31 silly gunzTarPerm extractEntry major
32 silly gunzTarPerm extractEntry minor
33 silly gunzTarPerm extractEntry patch
34 silly lockFile 98c46ee1-7847-0-31298305187374353-package tar:///var/folders/40/hp4zmr0s20db316q78y0nr0w0000gn/T/npm-32874-bGrjkS6k/1421325597847-0.31298305187374353/package
35 silly lockFile 98c46ee1-7847-0-31298305187374353-package tar:///var/folders/40/hp4zmr0s20db316q78y0nr0w0000gn/T/npm-32874-bGrjkS6k/1421325597847-0.31298305187374353/package
36 silly lockFile c1e16dde-7847-0-31298305187374353-tmp-tgz tar:///var/folders/40/hp4zmr0s20db316q78y0nr0w0000gn/T/npm-32874-bGrjkS6k/1421325597847-0.31298305187374353/tmp.tgz
37 silly lockFile c1e16dde-7847-0-31298305187374353-tmp-tgz tar:///var/folders/40/hp4zmr0s20db316q78y0nr0w0000gn/T/npm-32874-bGrjkS6k/1421325597847-0.31298305187374353/tmp.tgz
38 verbose tar pack [ '/Users/david/.npm/ainojs-build/1.0.5/package.tgz',
38 verbose tar pack   '/var/folders/40/hp4zmr0s20db316q78y0nr0w0000gn/T/npm-32874-bGrjkS6k/1421325597847-0.31298305187374353/package' ]
39 verbose tarball /Users/david/.npm/ainojs-build/1.0.5/package.tgz
40 verbose folder /var/folders/40/hp4zmr0s20db316q78y0nr0w0000gn/T/npm-32874-bGrjkS6k/1421325597847-0.31298305187374353/package
41 silly lockFile 98c46ee1-7847-0-31298305187374353-package tar:///var/folders/40/hp4zmr0s20db316q78y0nr0w0000gn/T/npm-32874-bGrjkS6k/1421325597847-0.31298305187374353/package
42 verbose lock tar:///var/folders/40/hp4zmr0s20db316q78y0nr0w0000gn/T/npm-32874-bGrjkS6k/1421325597847-0.31298305187374353/package /Users/david/.npm/98c46ee1-7847-0-31298305187374353-package.lock
43 silly lockFile 07b01d26-m-ainojs-build-1-0-5-package-tgz tar:///Users/david/.npm/ainojs-build/1.0.5/package.tgz
44 verbose lock tar:///Users/david/.npm/ainojs-build/1.0.5/package.tgz /Users/david/.npm/07b01d26-m-ainojs-build-1-0-5-package-tgz.lock
45 silly lockFile 98c46ee1-7847-0-31298305187374353-package tar:///var/folders/40/hp4zmr0s20db316q78y0nr0w0000gn/T/npm-32874-bGrjkS6k/1421325597847-0.31298305187374353/package
46 silly lockFile 98c46ee1-7847-0-31298305187374353-package tar:///var/folders/40/hp4zmr0s20db316q78y0nr0w0000gn/T/npm-32874-bGrjkS6k/1421325597847-0.31298305187374353/package
47 silly lockFile 07b01d26-m-ainojs-build-1-0-5-package-tgz tar:///Users/david/.npm/ainojs-build/1.0.5/package.tgz
48 silly lockFile 07b01d26-m-ainojs-build-1-0-5-package-tgz tar:///Users/david/.npm/ainojs-build/1.0.5/package.tgz
49 silly lockFile 63e14022-d-npm-ainojs-build-1-0-5-package /Users/david/.npm/ainojs-build/1.0.5/package
50 verbose lock /Users/david/.npm/ainojs-build/1.0.5/package /Users/david/.npm/63e14022-d-npm-ainojs-build-1-0-5-package.lock
51 silly lockFile 63e14022-d-npm-ainojs-build-1-0-5-package /Users/david/.npm/ainojs-build/1.0.5/package
52 silly lockFile 63e14022-d-npm-ainojs-build-1-0-5-package /Users/david/.npm/ainojs-build/1.0.5/package
53 verbose tar unpack /Users/david/.npm/ainojs-build/1.0.5/package.tgz
54 silly lockFile 7fdff6b7-d-npm-ainojs-build-1-0-5-package tar:///Users/david/.npm/ainojs-build/1.0.5/package
55 verbose lock tar:///Users/david/.npm/ainojs-build/1.0.5/package /Users/david/.npm/7fdff6b7-d-npm-ainojs-build-1-0-5-package.lock
56 silly lockFile 07b01d26-m-ainojs-build-1-0-5-package-tgz tar:///Users/david/.npm/ainojs-build/1.0.5/package.tgz
57 verbose lock tar:///Users/david/.npm/ainojs-build/1.0.5/package.tgz /Users/david/.npm/07b01d26-m-ainojs-build-1-0-5-package-tgz.lock
58 silly gunzTarPerm modes [ '755', '644' ]
59 silly gunzTarPerm extractEntry package.json
60 silly gunzTarPerm extractEntry .npmignore
61 silly gunzTarPerm extractEntry gulpfile.js
62 silly gunzTarPerm extractEntry major
63 silly gunzTarPerm extractEntry minor
64 silly gunzTarPerm extractEntry patch
65 silly lockFile 7fdff6b7-d-npm-ainojs-build-1-0-5-package tar:///Users/david/.npm/ainojs-build/1.0.5/package
66 silly lockFile 7fdff6b7-d-npm-ainojs-build-1-0-5-package tar:///Users/david/.npm/ainojs-build/1.0.5/package
67 silly lockFile 07b01d26-m-ainojs-build-1-0-5-package-tgz tar:///Users/david/.npm/ainojs-build/1.0.5/package.tgz
68 silly lockFile 07b01d26-m-ainojs-build-1-0-5-package-tgz tar:///Users/david/.npm/ainojs-build/1.0.5/package.tgz
69 verbose chmod /Users/david/.npm/ainojs-build/1.0.5/package.tgz 644
70 verbose chown /Users/david/.npm/ainojs-build/1.0.5/package.tgz [ 501, 20 ]
71 silly lockFile 3a52ce78- .
72 silly lockFile 3a52ce78- .
73 silly publish { name: 'ainojs-build',
73 silly publish   version: '1.0.5',
73 silly publish   description: 'Build scripts for Aino JavaScript Tools',
73 silly publish   repository: { type: 'git', url: 'https://github.com/aino/ainojs-build' },
73 silly publish   license: 'MIT',
73 silly publish   devDependencies: {},
73 silly publish   bugs: { url: 'https://github.com/aino/ainojs-build/issues' },
73 silly publish   homepage: 'https://github.com/aino/ainojs-build',
73 silly publish   main: 'index.js',
73 silly publish   scripts: { test: 'echo "Error: no test specified" && exit 1' },
73 silly publish   author: { name: 'Aino' },
73 silly publish   dependencies:
73 silly publish    { browserify: '^4.2.0',
73 silly publish      'event-stream': '^3.1.5',
73 silly publish      gulp: '^3.8.1',
73 silly publish      'gulp-buffer': '0.0.2',
73 silly publish      'gulp-concat': '^2.2.0',
73 silly publish      'gulp-uglify': '^0.3.1',
73 silly publish      'gulp-util': '^2.2.17',
73 silly publish      moment: '^2.7.0',
73 silly publish      underscore: '^1.6.0',
73 silly publish      'vinyl-map': '^1.0.1',
73 silly publish      'vinyl-source-stream': '^0.1.1' },
73 silly publish   readme: 'ERROR: No README data found!',
73 silly publish   _id: 'ainojs-build@1.0.5',
73 silly publish   dist: { shasum: '200bc7218a3eeceaff3a2045eb23088fbbfc0df3' },
73 silly publish   _from: '.' }
74 verbose url raw ainojs-build
75 verbose url resolving [ 'https://registry.npmjs.org/', './ainojs-build' ]
76 verbose url resolved https://registry.npmjs.org/ainojs-build
77 info trying registry request attempt 1 at 13:39:57
78 http PUT https://registry.npmjs.org/ainojs-build
79 http 403 https://registry.npmjs.org/ainojs-build
80 error publish Failed PUT 403
81 error Error: forbidden cannot modify pre-existing version: 1.0.5
81 error old={"name":"ainojs-build","version":"1.0.5","description":"Build scripts for Aino JavaScript Tools","repository":{"type":"git","url":"https://github.com/aino/ainojs-build"},"license":"MIT","devDependencies":{},"bugs":{"url":"https://github.com/aino/ainojs-build/issues"},"homepage":"https://github.com/aino/ainojs-build","main":"index.js","scripts":{"test":"echo \"Error: no test specified\" && exit 1"},"author":{"name":"Aino"},"dependencies":{"browserify":"^4.2.0","event-stream":"^3.1.5","gulp":"^3.8.1","gulp-buffer":"0.0.2","gulp-concat":"^2.2.0","gulp-uglify":"^0.3.1","gulp-util":"^2.2.17","moment":"^2.7.0","underscore":"^1.6.0","vinyl-map":"^1.0.1","vinyl-source-stream":"^0.1.1"},"_id":"ainojs-build@1.0.5","dist":{"shasum":"81d9b2a014b9a410e8574e3129f8a1eecc94dc5a","tarball":"http://registry.npmjs.org/ainojs-build/-/ainojs-build-1.0.5.tgz"},"_from":".","_npmVersion":"1.4.3","_npmUser":{"name":"aino","email":"info@aino.com"},"maintainers":[{"name":"aino","email":"info@aino.se"}]}
81 error new={"name":"ainojs-build","version":"1.0.5","description":"Build scripts for Aino JavaScript Tools","repository":{"type":"git","url":"https://github.com/aino/ainojs-build"},"license":"MIT","devDependencies":{},"bugs":{"url":"https://github.com/aino/ainojs-build/issues"},"homepage":"https://github.com/aino/ainojs-build","main":"index.js","scripts":{"test":"echo \"Error: no test specified\" && exit 1"},"author":{"name":"Aino"},"dependencies":{"browserify":"^4.2.0","event-stream":"^3.1.5","gulp":"^3.8.1","gulp-buffer":"0.0.2","gulp-concat":"^2.2.0","gulp-uglify":"^0.3.1","gulp-util":"^2.2.17","moment":"^2.7.0","underscore":"^1.6.0","vinyl-map":"^1.0.1","vinyl-source-stream":"^0.1.1"},"readme":"ERROR: No README data found!","_id":"ainojs-build@1.0.5","dist":{"shasum":"200bc7218a3eeceaff3a2045eb23088fbbfc0df3","tarball":"http://registry.npmjs.org/ainojs-build/-/ainojs-build-1.0.5.tgz"},"_from":".","_npmVersion":"1.4.3","_npmUser":{"name":"aino","email":"info@aino.com"},"maintainers":[{"name":"aino","email":"info@aino.com"}]}: ainojs-build
81 error     at RegClient.<anonymous> (/usr/local/Cellar/node/0.10.12/lib/node_modules/npm/node_modules/npm-registry-client/lib/request.js:237:14)
81 error     at Request.self.callback (/usr/local/Cellar/node/0.10.12/lib/node_modules/npm/node_modules/request/request.js:123:22)
81 error     at Request.EventEmitter.emit (events.js:98:17)
81 error     at Request.<anonymous> (/usr/local/Cellar/node/0.10.12/lib/node_modules/npm/node_modules/request/request.js:893:14)
81 error     at Request.EventEmitter.emit (events.js:117:20)
81 error     at IncomingMessage.<anonymous> (/usr/local/Cellar/node/0.10.12/lib/node_modules/npm/node_modules/request/request.js:844:12)
81 error     at IncomingMessage.EventEmitter.emit (events.js:117:20)
81 error     at _stream_readable.js:920:16
81 error     at process._tickCallback (node.js:415:13)
82 error If you need help, you may report this *entire* log,
82 error including the npm and node versions, at:
82 error     <http://github.com/npm/npm/issues>
83 error System Darwin 12.4.1
84 error command "/usr/local/bin/node" "/usr/local/bin/npm" "publish"
85 error cwd /Users/david/Projects/ainojs-build
86 error node -v v0.10.26
87 error npm -v 1.4.3
88 verbose exit [ 1, true ]
